2017-02-18 20:51:06,268 [Worker-3] INFO  c.g.t.t.d.PublishedGradleVersions - Gradle version information cache is out-of-date. Trying to update.
2017-02-18 20:53:32,900 [Worker-14] INFO  o.e.m.c.i.e.AbstractTransferListenerAdapter - Downloaded https://repo.maven.apache.org/maven2/org/apache/maven/plugins/maven-clean-plugin/2.5/maven-clean-plugin-2.5.jar
2017-02-18 20:53:32,953 [Worker-14] INFO  o.e.m.c.i.e.AbstractTransferListenerAdapter - Downloaded https://repo.maven.apache.org/maven2/org/apache/maven/plugins/maven-compiler-plugin/3.6.0/maven-compiler-plugin-3.6.0.jar
2017-02-18 20:53:33,034 [Worker-14] INFO  o.e.m.c.i.e.AbstractTransferListenerAdapter - Downloaded https://repo.maven.apache.org/maven2/org/apache/maven/plugins/maven-surefire-plugin/2.12.4/maven-surefire-plugin-2.12.4.jar
2017-02-18 20:53:33,062 [Worker-14] INFO  o.e.m.c.i.e.AbstractTransferListenerAdapter - Downloaded https://repo.maven.apache.org/maven2/org/apache/maven/plugins/maven-jar-plugin/2.4/maven-jar-plugin-2.4.jar
2017-02-18 20:53:33,100 [Worker-14] INFO  o.e.m.c.i.e.AbstractTransferListenerAdapter - Downloaded https://repo.maven.apache.org/maven2/org/apache/maven/plugins/maven-install-plugin/2.4/maven-install-plugin-2.4.jar
2017-02-18 20:53:33,103 [Worker-14] INFO  o.e.m.c.i.e.AbstractTransferListenerAdapter - Downloaded https://repo.maven.apache.org/maven2/org/apache/maven/plugins/maven-deploy-plugin/2.7/maven-deploy-plugin-2.7.jar
2017-02-18 20:53:33,139 [Worker-14] INFO  o.e.m.c.i.e.AbstractTransferListenerAdapter - Downloaded https://repo.maven.apache.org/maven2/org/apache/maven/plugins/maven-site-plugin/3.3/maven-site-plugin-3.3.jar
2017-02-18 20:53:33,223 [Worker-14] INFO  o.e.m.c.i.e.AbstractTransferListenerAdapter - Downloaded https://repo.maven.apache.org/maven2/org/apache/maven/plugins/maven-compiler-plugin/3.6.0/maven-compiler-plugin-3.6.0.pom
2017-02-18 20:53:33,385 [Worker-14] INFO  o.e.m.c.i.l.LifecycleMappingFactory - Using org.eclipse.m2e.jdt.JarLifecycleMapping lifecycle mapping for MavenProject: de.jdienst:mutation:0.0.1-SNAPSHOT @ /home/jdienst/git/BOBKonf2017/pit_demo_workspace/mutation/pom.xml.
2017-02-18 20:53:34,788 [Worker-14] INFO  o.e.m.c.i.p.ProjectConfigurationManager - Update started
2017-02-18 20:53:35,569 [Worker-14] INFO  o.e.m.c.i.l.LifecycleMappingFactory - Using org.eclipse.m2e.jdt.JarLifecycleMapping lifecycle mapping for MavenProject: de.jdienst:mutation:0.0.1-SNAPSHOT @ /home/jdienst/git/BOBKonf2017/pit_demo_workspace/mutation/pom.xml.
2017-02-18 20:53:36,266 [Worker-14] INFO  o.e.m.c.i.p.ProjectConfigurationManager - Update completed: 1 sec
2017-02-18 20:53:38,664 [Worker-4] WARN  o.e.m.c.i.embedder.EclipseLogger - Using platform encoding (UTF-8 actually) to copy filtered resources, i.e. build is platform dependent!
2017-02-18 20:53:38,666 [Worker-4] INFO  o.e.m.c.i.embedder.EclipseLogger - skip non existing resourceDirectory /home/jdienst/git/BOBKonf2017/pit_demo_workspace/mutation/src/main/resources
2017-02-18 20:53:38,673 [Worker-4] WARN  o.e.m.c.i.embedder.EclipseLogger - Using platform encoding (UTF-8 actually) to copy filtered resources, i.e. build is platform dependent!
2017-02-18 20:53:38,674 [Worker-4] INFO  o.e.m.c.i.embedder.EclipseLogger - skip non existing resourceDirectory /home/jdienst/git/BOBKonf2017/pit_demo_workspace/mutation/src/test/resources
2017-02-18 20:54:12,226 [Worker-17] WARN  o.e.m.c.i.embedder.EclipseLogger - Using platform encoding (UTF-8 actually) to copy filtered resources, i.e. build is platform dependent!
2017-02-18 20:54:12,230 [Worker-17] INFO  o.e.m.c.i.embedder.EclipseLogger - skip non existing resourceDirectory /home/jdienst/git/BOBKonf2017/pit_demo_workspace/mutation/src/main/resources
2017-02-18 20:54:12,234 [Worker-17] WARN  o.e.m.c.i.embedder.EclipseLogger - Using platform encoding (UTF-8 actually) to copy filtered resources, i.e. build is platform dependent!
2017-02-18 20:54:12,235 [Worker-17] INFO  o.e.m.c.i.embedder.EclipseLogger - skip non existing resourceDirectory /home/jdienst/git/BOBKonf2017/pit_demo_workspace/mutation/src/test/resources
2017-02-18 20:55:41,071 [Worker-17] INFO  o.e.m.c.i.p.ProjectConfigurationManager - Update started
2017-02-18 20:55:41,458 [Worker-17] INFO  o.e.m.c.i.e.AbstractTransferListenerAdapter - Downloading https://repo.maven.apache.org/maven2/org/apache/maven/plugins/maven-clean-plugin/2.5/maven-clean-plugin-2.5.jar
2017-02-18 20:55:41,511 [Worker-17] INFO  o.e.m.c.i.e.AbstractTransferListenerAdapter - Downloaded https://repo.maven.apache.org/maven2/org/apache/maven/plugins/maven-clean-plugin/2.5/maven-clean-plugin-2.5.jar
2017-02-18 20:55:41,603 [Worker-17] INFO  o.e.m.c.i.e.AbstractTransferListenerAdapter - Downloading https://repo.maven.apache.org/maven2/org/apache/maven/plugins/maven-compiler-plugin/3.6.0/maven-compiler-plugin-3.6.0.jar
2017-02-18 20:55:41,668 [Worker-17] INFO  o.e.m.c.i.e.AbstractTransferListenerAdapter - Downloaded https://repo.maven.apache.org/maven2/org/apache/maven/plugins/maven-compiler-plugin/3.6.0/maven-compiler-plugin-3.6.0.jar
2017-02-18 20:55:41,755 [Worker-17] INFO  o.e.m.c.i.e.AbstractTransferListenerAdapter - Downloading https://repo.maven.apache.org/maven2/org/apache/maven/plugins/maven-surefire-plugin/2.12.4/maven-surefire-plugin-2.12.4.jar
2017-02-18 20:55:41,786 [Worker-17] INFO  o.e.m.c.i.e.AbstractTransferListenerAdapter - Downloaded https://repo.maven.apache.org/maven2/org/apache/maven/plugins/maven-surefire-plugin/2.12.4/maven-surefire-plugin-2.12.4.jar
2017-02-18 20:55:41,859 [Worker-17] INFO  o.e.m.c.i.e.AbstractTransferListenerAdapter - Downloading https://repo.maven.apache.org/maven2/org/apache/maven/plugins/maven-jar-plugin/2.4/maven-jar-plugin-2.4.jar
2017-02-18 20:55:41,892 [Worker-17] INFO  o.e.m.c.i.e.AbstractTransferListenerAdapter - Downloaded https://repo.maven.apache.org/maven2/org/apache/maven/plugins/maven-jar-plugin/2.4/maven-jar-plugin-2.4.jar
2017-02-18 20:55:41,968 [Worker-17] INFO  o.e.m.c.i.e.AbstractTransferListenerAdapter - Downloading https://repo.maven.apache.org/maven2/org/apache/maven/plugins/maven-install-plugin/2.4/maven-install-plugin-2.4.jar
2017-02-18 20:55:41,998 [Worker-17] INFO  o.e.m.c.i.e.AbstractTransferListenerAdapter - Downloaded https://repo.maven.apache.org/maven2/org/apache/maven/plugins/maven-install-plugin/2.4/maven-install-plugin-2.4.jar
2017-02-18 20:55:42,071 [Worker-17] INFO  o.e.m.c.i.e.AbstractTransferListenerAdapter - Downloading https://repo.maven.apache.org/maven2/org/apache/maven/plugins/maven-deploy-plugin/2.7/maven-deploy-plugin-2.7.jar
2017-02-18 20:55:42,098 [Worker-17] INFO  o.e.m.c.i.e.AbstractTransferListenerAdapter - Downloaded https://repo.maven.apache.org/maven2/org/apache/maven/plugins/maven-deploy-plugin/2.7/maven-deploy-plugin-2.7.jar
2017-02-18 20:55:42,170 [Worker-17] INFO  o.e.m.c.i.e.AbstractTransferListenerAdapter - Downloading https://repo.maven.apache.org/maven2/org/apache/maven/plugins/maven-site-plugin/3.3/maven-site-plugin-3.3.jar
2017-02-18 20:55:42,274 [Worker-17] INFO  o.e.m.c.i.e.AbstractTransferListenerAdapter - Downloaded https://repo.maven.apache.org/maven2/org/apache/maven/plugins/maven-site-plugin/3.3/maven-site-plugin-3.3.jar
2017-02-18 20:55:42,344 [Worker-17] INFO  o.e.m.c.i.e.AbstractTransferListenerAdapter - Downloading https://repo.maven.apache.org/maven2/org/apache/maven/plugins/maven-compiler-plugin/3.6.0/maven-compiler-plugin-3.6.0.pom
2017-02-18 20:55:42,370 [Worker-17] INFO  o.e.m.c.i.e.AbstractTransferListenerAdapter - Downloaded https://repo.maven.apache.org/maven2/org/apache/maven/plugins/maven-compiler-plugin/3.6.0/maven-compiler-plugin-3.6.0.pom
2017-02-18 20:55:42,831 [Worker-17] INFO  o.e.m.c.i.e.AbstractTransferListenerAdapter - Downloading https://repo.maven.apache.org/maven2/org/apache/maven/shared/maven-shared-utils/3.1.0/maven-shared-utils-3.1.0.pom
2017-02-18 20:55:42,853 [Worker-17] INFO  o.e.m.c.i.e.AbstractTransferListenerAdapter - Downloaded https://repo.maven.apache.org/maven2/org/apache/maven/shared/maven-shared-utils/3.1.0/maven-shared-utils-3.1.0.pom
2017-02-18 20:55:43,240 [Worker-17] INFO  o.e.m.c.i.e.AbstractTransferListenerAdapter - Downloading https://repo.maven.apache.org/maven2/org/ow2/asm/asm/6.0_ALPHA/asm-6.0_ALPHA.pom
2017-02-18 20:55:43,264 [Worker-17] INFO  o.e.m.c.i.e.AbstractTransferListenerAdapter - Downloaded https://repo.maven.apache.org/maven2/org/ow2/asm/asm/6.0_ALPHA/asm-6.0_ALPHA.pom
2017-02-18 20:55:43,295 [Worker-17] INFO  o.e.m.c.i.e.AbstractTransferListenerAdapter - Downloading https://repo.maven.apache.org/maven2/org/ow2/asm/asm-parent/6.0_ALPHA/asm-parent-6.0_ALPHA.pom
2017-02-18 20:55:43,320 [Worker-17] INFO  o.e.m.c.i.e.AbstractTransferListenerAdapter - Downloaded https://repo.maven.apache.org/maven2/org/ow2/asm/asm-parent/6.0_ALPHA/asm-parent-6.0_ALPHA.pom
2017-02-18 20:55:43,359 [Worker-17] INFO  o.e.m.c.i.e.AbstractTransferListenerAdapter - Downloading https://repo.maven.apache.org/maven2/org/codehaus/plexus/plexus-compiler-api/2.8.1/plexus-compiler-api-2.8.1.pom
2017-02-18 20:55:43,382 [Worker-17] INFO  o.e.m.c.i.e.AbstractTransferListenerAdapter - Downloaded https://repo.maven.apache.org/maven2/org/codehaus/plexus/plexus-compiler-api/2.8.1/plexus-compiler-api-2.8.1.pom
2017-02-18 20:55:43,407 [Worker-17] INFO  o.e.m.c.i.e.AbstractTransferListenerAdapter - Downloading https://repo.maven.apache.org/maven2/org/codehaus/plexus/plexus-compiler/2.8.1/plexus-compiler-2.8.1.pom
2017-02-18 20:55:43,429 [Worker-17] INFO  o.e.m.c.i.e.AbstractTransferListenerAdapter - Downloaded https://repo.maven.apache.org/maven2/org/codehaus/plexus/plexus-compiler/2.8.1/plexus-compiler-2.8.1.pom
2017-02-18 20:55:43,458 [Worker-17] INFO  o.e.m.c.i.e.AbstractTransferListenerAdapter - Downloading https://repo.maven.apache.org/maven2/org/codehaus/plexus/plexus-components/4.0/plexus-components-4.0.pom
2017-02-18 20:55:43,480 [Worker-17] INFO  o.e.m.c.i.e.AbstractTransferListenerAdapter - Downloaded https://repo.maven.apache.org/maven2/org/codehaus/plexus/plexus-components/4.0/plexus-components-4.0.pom
2017-02-18 20:55:43,533 [Worker-17] INFO  o.e.m.c.i.e.AbstractTransferListenerAdapter - Downloading https://repo.maven.apache.org/maven2/org/codehaus/plexus/plexus-compiler-manager/2.8.1/plexus-compiler-manager-2.8.1.pom
2017-02-18 20:55:43,553 [Worker-17] INFO  o.e.m.c.i.e.AbstractTransferListenerAdapter - Downloaded https://repo.maven.apache.org/maven2/org/codehaus/plexus/plexus-compiler-manager/2.8.1/plexus-compiler-manager-2.8.1.pom
2017-02-18 20:55:43,588 [Worker-17] INFO  o.e.m.c.i.e.AbstractTransferListenerAdapter - Downloading https://repo.maven.apache.org/maven2/org/codehaus/plexus/plexus-compiler-javac/2.8.1/plexus-compiler-javac-2.8.1.pom
2017-02-18 20:55:43,609 [Worker-17] INFO  o.e.m.c.i.e.AbstractTransferListenerAdapter - Downloaded https://repo.maven.apache.org/maven2/org/codehaus/plexus/plexus-compiler-javac/2.8.1/plexus-compiler-javac-2.8.1.pom
2017-02-18 20:55:43,634 [Worker-17] INFO  o.e.m.c.i.e.AbstractTransferListenerAdapter - Downloading https://repo.maven.apache.org/maven2/org/codehaus/plexus/plexus-compilers/2.8.1/plexus-compilers-2.8.1.pom
2017-02-18 20:55:43,654 [Worker-17] INFO  o.e.m.c.i.e.AbstractTransferListenerAdapter - Downloaded https://repo.maven.apache.org/maven2/org/codehaus/plexus/plexus-compilers/2.8.1/plexus-compilers-2.8.1.pom
2017-02-18 20:55:43,720 [Worker-17] INFO  o.e.m.c.i.e.AbstractTransferListenerAdapter - Downloading https://repo.maven.apache.org/maven2/org/apache/maven/shared/maven-shared-utils/3.1.0/maven-shared-utils-3.1.0.jar
2017-02-18 20:55:43,843 [Worker-17] INFO  o.e.m.c.i.e.AbstractTransferListenerAdapter - Downloaded https://repo.maven.apache.org/maven2/org/apache/maven/shared/maven-shared-utils/3.1.0/maven-shared-utils-3.1.0.jar
2017-02-18 20:55:43,875 [Worker-17] INFO  o.e.m.c.i.e.AbstractTransferListenerAdapter - Downloading https://repo.maven.apache.org/maven2/org/ow2/asm/asm/6.0_ALPHA/asm-6.0_ALPHA.jar
2017-02-18 20:55:43,919 [Worker-17] INFO  o.e.m.c.i.e.AbstractTransferListenerAdapter - Downloaded https://repo.maven.apache.org/maven2/org/ow2/asm/asm/6.0_ALPHA/asm-6.0_ALPHA.jar
2017-02-18 20:55:43,953 [Worker-17] INFO  o.e.m.c.i.e.AbstractTransferListenerAdapter - Downloading https://repo.maven.apache.org/maven2/org/codehaus/plexus/plexus-compiler-api/2.8.1/plexus-compiler-api-2.8.1.jar
2017-02-18 20:55:43,990 [Worker-17] INFO  o.e.m.c.i.e.AbstractTransferListenerAdapter - Downloaded https://repo.maven.apache.org/maven2/org/codehaus/plexus/plexus-compiler-api/2.8.1/plexus-compiler-api-2.8.1.jar
2017-02-18 20:55:44,012 [Worker-17] INFO  o.e.m.c.i.e.AbstractTransferListenerAdapter - Downloading https://repo.maven.apache.org/maven2/org/codehaus/plexus/plexus-compiler-manager/2.8.1/plexus-compiler-manager-2.8.1.jar
2017-02-18 20:55:44,032 [Worker-17] INFO  o.e.m.c.i.e.AbstractTransferListenerAdapter - Downloaded https://repo.maven.apache.org/maven2/org/codehaus/plexus/plexus-compiler-manager/2.8.1/plexus-compiler-manager-2.8.1.jar
2017-02-18 20:55:44,057 [Worker-17] INFO  o.e.m.c.i.e.AbstractTransferListenerAdapter - Downloading https://repo.maven.apache.org/maven2/org/codehaus/plexus/plexus-compiler-javac/2.8.1/plexus-compiler-javac-2.8.1.jar
2017-02-18 20:55:44,088 [Worker-17] INFO  o.e.m.c.i.e.AbstractTransferListenerAdapter - Downloaded https://repo.maven.apache.org/maven2/org/codehaus/plexus/plexus-compiler-javac/2.8.1/plexus-compiler-javac-2.8.1.jar
2017-02-18 20:55:44,513 [Worker-17] INFO  o.e.m.c.i.l.LifecycleMappingFactory - Using org.eclipse.m2e.jdt.JarLifecycleMapping lifecycle mapping for MavenProject: de.jdienst:mutation:0.0.1-SNAPSHOT @ /home/jdienst/git/BOBKonf2017/pit_demo_workspace/mutation/pom.xml.
2017-02-18 20:55:44,976 [Worker-17] INFO  o.e.m.j.i.AbstractJavaProjectConfigurator - Adding source folder /mutation/src/main/java
2017-02-18 20:55:44,981 [Worker-17] INFO  o.e.m.j.i.AbstractJavaProjectConfigurator - Adding source folder /mutation/src/test/java
2017-02-18 20:55:45,291 [Worker-17] INFO  o.e.m.c.i.p.ProjectConfigurationManager - Update completed: 4 sec
2017-02-18 20:55:46,170 [Worker-10] WARN  o.e.m.c.i.embedder.EclipseLogger - Using platform encoding (UTF-8 actually) to copy filtered resources, i.e. build is platform dependent!
2017-02-18 20:55:46,171 [Worker-10] INFO  o.e.m.c.i.embedder.EclipseLogger - skip non existing resourceDirectory /home/jdienst/git/BOBKonf2017/pit_demo_workspace/mutation/src/main/resources
2017-02-18 20:55:46,212 [Worker-10] WARN  o.e.m.c.i.embedder.EclipseLogger - Using platform encoding (UTF-8 actually) to copy filtered resources, i.e. build is platform dependent!
2017-02-18 20:55:46,213 [Worker-10] INFO  o.e.m.c.i.embedder.EclipseLogger - skip non existing resourceDirectory /home/jdienst/git/BOBKonf2017/pit_demo_workspace/mutation/src/test/resources
2017-02-18 20:58:17,305 [Worker-8] INFO  o.e.m.i.launch.MavenLaunchDelegate - /home/jdienst/git/BOBKonf2017/pit_demo_workspace/mutation
2017-02-18 20:58:17,306 [Worker-8] INFO  o.e.m.i.launch.MavenLaunchDelegate -  mvn -B clean package org.pitest:pitest-maven:mutationCoverage
2017-02-18 21:05:51,446 [Worker-23] WARN  o.e.m.c.i.embedder.EclipseLogger - Using platform encoding (UTF-8 actually) to copy filtered resources, i.e. build is platform dependent!
2017-02-18 21:05:51,447 [Worker-23] INFO  o.e.m.c.i.embedder.EclipseLogger - skip non existing resourceDirectory /home/jdienst/git/BOBKonf2017/pit_demo_workspace/mutation/src/main/resources
2017-02-18 21:05:51,457 [Worker-23] WARN  o.e.m.c.i.embedder.EclipseLogger - Using platform encoding (UTF-8 actually) to copy filtered resources, i.e. build is platform dependent!
2017-02-18 21:05:51,457 [Worker-23] INFO  o.e.m.c.i.embedder.EclipseLogger - skip non existing resourceDirectory /home/jdienst/git/BOBKonf2017/pit_demo_workspace/mutation/src/test/resources
2017-02-18 21:12:03,926 [Worker-26] WARN  o.e.m.c.i.embedder.EclipseLogger - Using platform encoding (UTF-8 actually) to copy filtered resources, i.e. build is platform dependent!
2017-02-18 21:12:03,926 [Worker-26] INFO  o.e.m.c.i.embedder.EclipseLogger - skip non existing resourceDirectory /home/jdienst/git/BOBKonf2017/pit_demo_workspace/mutation/src/main/resources
2017-02-18 21:12:03,936 [Worker-26] WARN  o.e.m.c.i.embedder.EclipseLogger - Using platform encoding (UTF-8 actually) to copy filtered resources, i.e. build is platform dependent!
2017-02-18 21:12:03,936 [Worker-26] INFO  o.e.m.c.i.embedder.EclipseLogger - skip non existing resourceDirectory /home/jdienst/git/BOBKonf2017/pit_demo_workspace/mutation/src/test/resources
2017-02-18 21:14:10,283 [Worker-24] WARN  o.e.m.c.i.embedder.EclipseLogger - Using platform encoding (UTF-8 actually) to copy filtered resources, i.e. build is platform dependent!
2017-02-18 21:14:10,284 [Worker-24] INFO  o.e.m.c.i.embedder.EclipseLogger - skip non existing resourceDirectory /home/jdienst/git/BOBKonf2017/pit_demo_workspace/mutation/src/main/resources
2017-02-18 21:14:10,286 [Worker-24] WARN  o.e.m.c.i.embedder.EclipseLogger - Using platform encoding (UTF-8 actually) to copy filtered resources, i.e. build is platform dependent!
2017-02-18 21:14:10,292 [Worker-24] INFO  o.e.m.c.i.embedder.EclipseLogger - skip non existing resourceDirectory /home/jdienst/git/BOBKonf2017/pit_demo_workspace/mutation/src/test/resources
2017-02-18 21:14:19,256 [Worker-26] INFO  o.e.m.i.launch.MavenLaunchDelegate - /home/jdienst/git/BOBKonf2017/pit_demo_workspace/mutation
2017-02-18 21:14:19,256 [Worker-26] INFO  o.e.m.i.launch.MavenLaunchDelegate -  mvn -B clean package org.pitest:pitest-maven:mutationCoverage
2017-02-18 21:17:41,572 [Worker-24] WARN  o.e.m.c.i.embedder.EclipseLogger - Using platform encoding (UTF-8 actually) to copy filtered resources, i.e. build is platform dependent!
2017-02-18 21:17:41,573 [Worker-24] INFO  o.e.m.c.i.embedder.EclipseLogger - skip non existing resourceDirectory /home/jdienst/git/BOBKonf2017/pit_demo_workspace/mutation/src/main/resources
2017-02-18 21:17:41,575 [Worker-24] WARN  o.e.m.c.i.embedder.EclipseLogger - Using platform encoding (UTF-8 actually) to copy filtered resources, i.e. build is platform dependent!
2017-02-18 21:17:41,588 [Worker-24] INFO  o.e.m.c.i.embedder.EclipseLogger - skip non existing resourceDirectory /home/jdienst/git/BOBKonf2017/pit_demo_workspace/mutation/src/test/resources
2017-02-18 21:17:42,674 [Worker-29] WARN  o.e.m.c.i.embedder.EclipseLogger - Using platform encoding (UTF-8 actually) to copy filtered resources, i.e. build is platform dependent!
2017-02-18 21:17:42,674 [Worker-29] INFO  o.e.m.c.i.embedder.EclipseLogger - skip non existing resourceDirectory /home/jdienst/git/BOBKonf2017/pit_demo_workspace/mutation/src/main/resources
2017-02-18 21:17:42,681 [Worker-29] WARN  o.e.m.c.i.embedder.EclipseLogger - Using platform encoding (UTF-8 actually) to copy filtered resources, i.e. build is platform dependent!
2017-02-18 21:17:42,681 [Worker-29] INFO  o.e.m.c.i.embedder.EclipseLogger - skip non existing resourceDirectory /home/jdienst/git/BOBKonf2017/pit_demo_workspace/mutation/src/test/resources
2017-02-18 21:18:19,440 [Worker-24] INFO  o.e.m.i.launch.MavenLaunchDelegate - /home/jdienst/git/BOBKonf2017/pit_demo_workspace/mutation
2017-02-18 21:18:19,440 [Worker-24] INFO  o.e.m.i.launch.MavenLaunchDelegate -  mvn -B clean package org.pitest:pitest-maven:mutationCoverage
2017-02-18 21:19:36,968 [Worker-29] WARN  o.e.m.c.i.embedder.EclipseLogger - Using platform encoding (UTF-8 actually) to copy filtered resources, i.e. build is platform dependent!
2017-02-18 21:19:36,968 [Worker-29] INFO  o.e.m.c.i.embedder.EclipseLogger - skip non existing resourceDirectory /home/jdienst/git/BOBKonf2017/pit_demo_workspace/mutation/src/main/resources
2017-02-18 21:19:36,969 [Worker-29] WARN  o.e.m.c.i.embedder.EclipseLogger - Using platform encoding (UTF-8 actually) to copy filtered resources, i.e. build is platform dependent!
2017-02-18 21:19:36,970 [Worker-29] INFO  o.e.m.c.i.embedder.EclipseLogger - skip non existing resourceDirectory /home/jdienst/git/BOBKonf2017/pit_demo_workspace/mutation/src/test/resources
2017-02-18 21:19:38,058 [Worker-29] WARN  o.e.m.c.i.embedder.EclipseLogger - Using platform encoding (UTF-8 actually) to copy filtered resources, i.e. build is platform dependent!
2017-02-18 21:19:38,066 [Worker-29] INFO  o.e.m.c.i.embedder.EclipseLogger - skip non existing resourceDirectory /home/jdienst/git/BOBKonf2017/pit_demo_workspace/mutation/src/main/resources
2017-02-18 21:19:38,077 [Worker-29] WARN  o.e.m.c.i.embedder.EclipseLogger - Using platform encoding (UTF-8 actually) to copy filtered resources, i.e. build is platform dependent!
2017-02-18 21:19:38,080 [Worker-29] INFO  o.e.m.c.i.embedder.EclipseLogger - skip non existing resourceDirectory /home/jdienst/git/BOBKonf2017/pit_demo_workspace/mutation/src/test/resources
2017-02-18 21:19:50,721 [Worker-29] INFO  o.e.m.i.launch.MavenLaunchDelegate - /home/jdienst/git/BOBKonf2017/pit_demo_workspace/mutation
2017-02-18 21:19:50,721 [Worker-29] INFO  o.e.m.i.launch.MavenLaunchDelegate -  mvn -B clean package org.pitest:pitest-maven:mutationCoverage
2017-02-19 19:44:16,147 [Worker-0] INFO  c.g.t.t.d.PublishedGradleVersions - Gradle version information cache is up-to-date. Trying to read.
2017-02-19 20:11:17,941 [Worker-16] INFO  o.e.m.i.launch.MavenLaunchDelegate - /home/jdienst/git/BOBKonf2017/pit_demo_workspace/mutation
2017-02-19 20:11:17,946 [Worker-16] INFO  o.e.m.i.launch.MavenLaunchDelegate -  mvn -B clean package org.pitest:pitest-maven:mutationCoverage
2017-02-19 20:16:00,499 [Worker-21] WARN  o.e.m.c.i.embedder.EclipseLogger - Using platform encoding (UTF-8 actually) to copy filtered resources, i.e. build is platform dependent!
2017-02-19 20:16:00,500 [Worker-21] INFO  o.e.m.c.i.embedder.EclipseLogger - skip non existing resourceDirectory /home/jdienst/git/BOBKonf2017/pit_demo_workspace/mutation/src/main/resources
2017-02-19 20:16:00,511 [Worker-21] WARN  o.e.m.c.i.embedder.EclipseLogger - Using platform encoding (UTF-8 actually) to copy filtered resources, i.e. build is platform dependent!
2017-02-19 20:16:00,512 [Worker-21] INFO  o.e.m.c.i.embedder.EclipseLogger - skip non existing resourceDirectory /home/jdienst/git/BOBKonf2017/pit_demo_workspace/mutation/src/test/resources
2017-02-19 20:16:01,647 [Worker-15] WARN  o.e.m.c.i.embedder.EclipseLogger - Using platform encoding (UTF-8 actually) to copy filtered resources, i.e. build is platform dependent!
2017-02-19 20:16:01,647 [Worker-15] INFO  o.e.m.c.i.embedder.EclipseLogger - skip non existing resourceDirectory /home/jdienst/git/BOBKonf2017/pit_demo_workspace/mutation/src/main/resources
2017-02-19 20:16:01,649 [Worker-15] WARN  o.e.m.c.i.embedder.EclipseLogger - Using platform encoding (UTF-8 actually) to copy filtered resources, i.e. build is platform dependent!
2017-02-19 20:16:01,651 [Worker-15] INFO  o.e.m.c.i.embedder.EclipseLogger - skip non existing resourceDirectory /home/jdienst/git/BOBKonf2017/pit_demo_workspace/mutation/src/test/resources
2017-02-19 20:16:09,032 [Worker-22] INFO  o.e.m.i.launch.MavenLaunchDelegate - /home/jdienst/git/BOBKonf2017/pit_demo_workspace/mutation
2017-02-19 20:16:09,032 [Worker-22] INFO  o.e.m.i.launch.MavenLaunchDelegate -  mvn -B clean package org.pitest:pitest-maven:mutationCoverage
2017-02-19 20:19:25,479 [Worker-22] WARN  o.e.m.c.i.embedder.EclipseLogger - Using platform encoding (UTF-8 actually) to copy filtered resources, i.e. build is platform dependent!
2017-02-19 20:19:25,479 [Worker-22] INFO  o.e.m.c.i.embedder.EclipseLogger - skip non existing resourceDirectory /home/jdienst/git/BOBKonf2017/pit_demo_workspace/mutation/src/main/resources
2017-02-19 20:19:25,491 [Worker-22] WARN  o.e.m.c.i.embedder.EclipseLogger - Using platform encoding (UTF-8 actually) to copy filtered resources, i.e. build is platform dependent!
2017-02-19 20:19:25,492 [Worker-22] INFO  o.e.m.c.i.embedder.EclipseLogger - skip non existing resourceDirectory /home/jdienst/git/BOBKonf2017/pit_demo_workspace/mutation/src/test/resources
2017-02-19 20:19:26,563 [Worker-22] WARN  o.e.m.c.i.embedder.EclipseLogger - Using platform encoding (UTF-8 actually) to copy filtered resources, i.e. build is platform dependent!
2017-02-19 20:19:26,563 [Worker-22] INFO  o.e.m.c.i.embedder.EclipseLogger - skip non existing resourceDirectory /home/jdienst/git/BOBKonf2017/pit_demo_workspace/mutation/src/main/resources
2017-02-19 20:19:26,573 [Worker-22] WARN  o.e.m.c.i.embedder.EclipseLogger - Using platform encoding (UTF-8 actually) to copy filtered resources, i.e. build is platform dependent!
2017-02-19 20:19:26,576 [Worker-22] INFO  o.e.m.c.i.embedder.EclipseLogger - skip non existing resourceDirectory /home/jdienst/git/BOBKonf2017/pit_demo_workspace/mutation/src/test/resources
2017-02-19 20:19:37,538 [Worker-22] INFO  o.e.m.i.launch.MavenLaunchDelegate - /home/jdienst/git/BOBKonf2017/pit_demo_workspace/mutation
2017-02-19 20:19:37,538 [Worker-22] INFO  o.e.m.i.launch.MavenLaunchDelegate -  mvn -B clean package org.pitest:pitest-maven:mutationCoverage
2017-02-19 20:20:48,332 [Worker-22] WARN  o.e.m.c.i.embedder.EclipseLogger - Using platform encoding (UTF-8 actually) to copy filtered resources, i.e. build is platform dependent!
2017-02-19 20:20:48,332 [Worker-22] INFO  o.e.m.c.i.embedder.EclipseLogger - skip non existing resourceDirectory /home/jdienst/git/BOBKonf2017/pit_demo_workspace/mutation/src/main/resources
2017-02-19 20:20:48,333 [Worker-22] WARN  o.e.m.c.i.embedder.EclipseLogger - Using platform encoding (UTF-8 actually) to copy filtered resources, i.e. build is platform dependent!
2017-02-19 20:20:48,334 [Worker-22] INFO  o.e.m.c.i.embedder.EclipseLogger - skip non existing resourceDirectory /home/jdienst/git/BOBKonf2017/pit_demo_workspace/mutation/src/test/resources
2017-02-19 20:20:49,403 [Worker-23] WARN  o.e.m.c.i.embedder.EclipseLogger - Using platform encoding (UTF-8 actually) to copy filtered resources, i.e. build is platform dependent!
2017-02-19 20:20:49,405 [Worker-23] INFO  o.e.m.c.i.embedder.EclipseLogger - skip non existing resourceDirectory /home/jdienst/git/BOBKonf2017/pit_demo_workspace/mutation/src/main/resources
2017-02-19 20:20:49,409 [Worker-23] WARN  o.e.m.c.i.embedder.EclipseLogger - Using platform encoding (UTF-8 actually) to copy filtered resources, i.e. build is platform dependent!
2017-02-19 20:20:49,409 [Worker-23] INFO  o.e.m.c.i.embedder.EclipseLogger - skip non existing resourceDirectory /home/jdienst/git/BOBKonf2017/pit_demo_workspace/mutation/src/test/resources
2017-02-19 20:24:14,998 [Worker-24] WARN  o.e.m.c.i.embedder.EclipseLogger - Using platform encoding (UTF-8 actually) to copy filtered resources, i.e. build is platform dependent!
2017-02-19 20:24:14,998 [Worker-24] INFO  o.e.m.c.i.embedder.EclipseLogger - skip non existing resourceDirectory /home/jdienst/git/BOBKonf2017/pit_demo_workspace/mutation/src/main/resources
2017-02-19 20:24:14,999 [Worker-24] WARN  o.e.m.c.i.embedder.EclipseLogger - Using platform encoding (UTF-8 actually) to copy filtered resources, i.e. build is platform dependent!
2017-02-19 20:24:14,999 [Worker-24] INFO  o.e.m.c.i.embedder.EclipseLogger - skip non existing resourceDirectory /home/jdienst/git/BOBKonf2017/pit_demo_workspace/mutation/src/test/resources
2017-02-19 20:24:16,077 [Worker-27] WARN  o.e.m.c.i.embedder.EclipseLogger - Using platform encoding (UTF-8 actually) to copy filtered resources, i.e. build is platform dependent!
2017-02-19 20:24:16,077 [Worker-27] INFO  o.e.m.c.i.embedder.EclipseLogger - skip non existing resourceDirectory /home/jdienst/git/BOBKonf2017/pit_demo_workspace/mutation/src/main/resources
2017-02-19 20:24:16,079 [Worker-27] WARN  o.e.m.c.i.embedder.EclipseLogger - Using platform encoding (UTF-8 actually) to copy filtered resources, i.e. build is platform dependent!
2017-02-19 20:24:16,079 [Worker-27] INFO  o.e.m.c.i.embedder.EclipseLogger - skip non existing resourceDirectory /home/jdienst/git/BOBKonf2017/pit_demo_workspace/mutation/src/test/resources
2017-02-19 20:24:32,562 [Worker-27] WARN  o.e.m.c.i.embedder.EclipseLogger - Using platform encoding (UTF-8 actually) to copy filtered resources, i.e. build is platform dependent!
2017-02-19 20:24:32,562 [Worker-27] INFO  o.e.m.c.i.embedder.EclipseLogger - skip non existing resourceDirectory /home/jdienst/git/BOBKonf2017/pit_demo_workspace/mutation/src/main/resources
2017-02-19 20:24:32,563 [Worker-27] WARN  o.e.m.c.i.embedder.EclipseLogger - Using platform encoding (UTF-8 actually) to copy filtered resources, i.e. build is platform dependent!
2017-02-19 20:24:32,577 [Worker-27] INFO  o.e.m.c.i.embedder.EclipseLogger - skip non existing resourceDirectory /home/jdienst/git/BOBKonf2017/pit_demo_workspace/mutation/src/test/resources
2017-02-19 20:24:39,804 [Worker-27] INFO  o.e.m.i.launch.MavenLaunchDelegate - /home/jdienst/git/BOBKonf2017/pit_demo_workspace/mutation
2017-02-19 20:24:39,804 [Worker-27] INFO  o.e.m.i.launch.MavenLaunchDelegate -  mvn -B clean package org.pitest:pitest-maven:mutationCoverage
2017-02-21 18:52:49,438 [Worker-2] INFO  c.g.t.t.d.PublishedGradleVersions - Gradle version information cache is out-of-date. Trying to update.
2017-02-21 18:52:53,968 [Worker-6] WARN  o.e.m.c.i.embedder.EclipseLogger - Using platform encoding (UTF-8 actually) to copy filtered resources, i.e. build is platform dependent!
2017-02-21 18:52:53,996 [Worker-6] INFO  o.e.m.c.i.embedder.EclipseLogger - skip non existing resourceDirectory /home/jdienst/git/BOBKonf2017/pit_demo_workspace/mutation/src/main/resources
2017-02-21 18:52:54,007 [Worker-6] WARN  o.e.m.c.i.embedder.EclipseLogger - Using platform encoding (UTF-8 actually) to copy filtered resources, i.e. build is platform dependent!
2017-02-21 18:52:54,007 [Worker-6] INFO  o.e.m.c.i.embedder.EclipseLogger - skip non existing resourceDirectory /home/jdienst/git/BOBKonf2017/pit_demo_workspace/mutation/src/test/resources
2017-02-21 18:54:52,870 [Worker-4] WARN  o.e.m.c.i.embedder.EclipseLogger - Using platform encoding (UTF-8 actually) to copy filtered resources, i.e. build is platform dependent!
2017-02-21 18:54:52,870 [Worker-4] INFO  o.e.m.c.i.embedder.EclipseLogger - skip non existing resourceDirectory /home/jdienst/git/BOBKonf2017/pit_demo_workspace/mutation/src/main/resources
2017-02-21 18:54:52,891 [Worker-4] WARN  o.e.m.c.i.embedder.EclipseLogger - Using platform encoding (UTF-8 actually) to copy filtered resources, i.e. build is platform dependent!
2017-02-21 18:54:52,891 [Worker-4] INFO  o.e.m.c.i.embedder.EclipseLogger - skip non existing resourceDirectory /home/jdienst/git/BOBKonf2017/pit_demo_workspace/mutation/src/test/resources
2017-02-21 18:55:27,204 [Worker-3] INFO  c.g.t.t.d.PublishedGradleVersions - Gradle version information cache is up-to-date. Trying to read.
2017-02-21 19:23:05,266 [Worker-20] WARN  o.e.m.c.i.embedder.EclipseLogger - Using platform encoding (UTF-8 actually) to copy filtered resources, i.e. build is platform dependent!
2017-02-21 19:23:05,271 [Worker-20] INFO  o.e.m.c.i.embedder.EclipseLogger - skip non existing resourceDirectory /home/jdienst/git/BOBKonf2017/pit_demo_workspace/mutation/src/main/resources
2017-02-21 19:23:05,288 [Worker-20] WARN  o.e.m.c.i.embedder.EclipseLogger - Using platform encoding (UTF-8 actually) to copy filtered resources, i.e. build is platform dependent!
2017-02-21 19:23:05,288 [Worker-20] INFO  o.e.m.c.i.embedder.EclipseLogger - skip non existing resourceDirectory /home/jdienst/git/BOBKonf2017/pit_demo_workspace/mutation/src/test/resources
2017-02-21 19:29:17,048 [Worker-23] WARN  o.e.m.c.i.embedder.EclipseLogger - Using platform encoding (UTF-8 actually) to copy filtered resources, i.e. build is platform dependent!
2017-02-21 19:29:17,052 [Worker-23] INFO  o.e.m.c.i.embedder.EclipseLogger - skip non existing resourceDirectory /home/jdienst/git/BOBKonf2017/pit_demo_workspace/mutation/src/main/resources
2017-02-21 19:29:17,054 [Worker-23] WARN  o.e.m.c.i.embedder.EclipseLogger - Using platform encoding (UTF-8 actually) to copy filtered resources, i.e. build is platform dependent!
2017-02-21 19:29:17,054 [Worker-23] INFO  o.e.m.c.i.embedder.EclipseLogger - skip non existing resourceDirectory /home/jdienst/git/BOBKonf2017/pit_demo_workspace/mutation/src/test/resources
2017-02-21 19:31:06,628 [Worker-27] WARN  o.e.m.c.i.embedder.EclipseLogger - Using platform encoding (UTF-8 actually) to copy filtered resources, i.e. build is platform dependent!
2017-02-21 19:31:06,630 [Worker-27] INFO  o.e.m.c.i.embedder.EclipseLogger - skip non existing resourceDirectory /home/jdienst/git/BOBKonf2017/pit_demo_workspace/mutation/src/main/resources
2017-02-21 19:31:06,647 [Worker-27] WARN  o.e.m.c.i.embedder.EclipseLogger - Using platform encoding (UTF-8 actually) to copy filtered resources, i.e. build is platform dependent!
2017-02-21 19:31:06,648 [Worker-27] INFO  o.e.m.c.i.embedder.EclipseLogger - skip non existing resourceDirectory /home/jdienst/git/BOBKonf2017/pit_demo_workspace/mutation/src/test/resources
2017-02-21 19:31:17,470 [Worker-28] WARN  o.e.m.c.i.embedder.EclipseLogger - Using platform encoding (UTF-8 actually) to copy filtered resources, i.e. build is platform dependent!
2017-02-21 19:31:17,489 [Worker-28] INFO  o.e.m.c.i.embedder.EclipseLogger - skip non existing resourceDirectory /home/jdienst/git/BOBKonf2017/pit_demo_workspace/mutation/src/main/resources
2017-02-21 19:31:17,490 [Worker-28] WARN  o.e.m.c.i.embedder.EclipseLogger - Using platform encoding (UTF-8 actually) to copy filtered resources, i.e. build is platform dependent!
2017-02-21 19:31:17,490 [Worker-28] INFO  o.e.m.c.i.embedder.EclipseLogger - skip non existing resourceDirectory /home/jdienst/git/BOBKonf2017/pit_demo_workspace/mutation/src/test/resources
2017-02-23 14:40:27,128 [Worker-2] INFO  c.g.t.t.d.PublishedGradleVersions - Gradle version information cache is out-of-date. Trying to update.
2017-02-23 14:40:28,986 [Worker-2] INFO  c.g.t.t.d.PublishedGradleVersions - Updating Gradle version information cache failed. Using outdated cache.
2017-02-23 15:23:38,024 [Worker-24] WARN  o.e.m.c.i.embedder.EclipseLogger - Using platform encoding (UTF-8 actually) to copy filtered resources, i.e. build is platform dependent!
2017-02-23 15:23:38,026 [Worker-24] INFO  o.e.m.c.i.embedder.EclipseLogger - skip non existing resourceDirectory /home/jdienst/git/BOBKonf2017/pit_demo_workspace/mutation/src/main/resources
2017-02-23 15:23:38,029 [Worker-24] WARN  o.e.m.c.i.embedder.EclipseLogger - Using platform encoding (UTF-8 actually) to copy filtered resources, i.e. build is platform dependent!
2017-02-23 15:23:38,031 [Worker-24] INFO  o.e.m.c.i.embedder.EclipseLogger - skip non existing resourceDirectory /home/jdienst/git/BOBKonf2017/pit_demo_workspace/mutation/src/test/resources
2017-02-23 15:27:04,490 [Worker-19] WARN  o.e.m.c.i.embedder.EclipseLogger - Using platform encoding (UTF-8 actually) to copy filtered resources, i.e. build is platform dependent!
2017-02-23 15:27:04,501 [Worker-19] INFO  o.e.m.c.i.embedder.EclipseLogger - skip non existing resourceDirectory /home/jdienst/git/BOBKonf2017/pit_demo_workspace/mutation/src/main/resources
2017-02-23 15:27:04,502 [Worker-19] WARN  o.e.m.c.i.embedder.EclipseLogger - Using platform encoding (UTF-8 actually) to copy filtered resources, i.e. build is platform dependent!
2017-02-23 15:27:04,507 [Worker-19] INFO  o.e.m.c.i.embedder.EclipseLogger - skip non existing resourceDirectory /home/jdienst/git/BOBKonf2017/pit_demo_workspace/mutation/src/test/resources
2017-02-23 15:29:55,117 [Worker-26] WARN  o.e.m.c.i.embedder.EclipseLogger - Using platform encoding (UTF-8 actually) to copy filtered resources, i.e. build is platform dependent!
2017-02-23 15:29:55,117 [Worker-26] INFO  o.e.m.c.i.embedder.EclipseLogger - skip non existing resourceDirectory /home/jdienst/git/BOBKonf2017/pit_demo_workspace/mutation/src/main/resources
2017-02-23 15:29:55,118 [Worker-26] WARN  o.e.m.c.i.embedder.EclipseLogger - Using platform encoding (UTF-8 actually) to copy filtered resources, i.e. build is platform dependent!
2017-02-23 15:29:55,127 [Worker-26] INFO  o.e.m.c.i.embedder.EclipseLogger - skip non existing resourceDirectory /home/jdienst/git/BOBKonf2017/pit_demo_workspace/mutation/src/test/resources
2017-02-24 10:13:20,070 [Worker-1] INFO  c.g.t.t.d.PublishedGradleVersions - Gradle version information cache is out-of-date. Trying to update.
2017-02-24 10:13:21,136 [Worker-1] INFO  c.g.t.t.d.PublishedGradleVersions - Updating Gradle version information cache failed. Using outdated cache.
2017-02-24 10:40:12,243 [Worker-21] INFO  o.e.m.i.launch.MavenLaunchDelegate - /home/jdienst/git/BOBKonf2017/pit_demo_workspace/mutation
2017-02-24 10:40:12,246 [Worker-21] INFO  o.e.m.i.launch.MavenLaunchDelegate -  mvn -B clean package org.pitest:pitest-maven:mutationCoverage
2017-02-24 10:42:46,820 [Worker-22] WARN  o.e.m.c.i.embedder.EclipseLogger - Using platform encoding (UTF-8 actually) to copy filtered resources, i.e. build is platform dependent!
2017-02-24 10:42:46,820 [Worker-22] INFO  o.e.m.c.i.embedder.EclipseLogger - skip non existing resourceDirectory /home/jdienst/git/BOBKonf2017/pit_demo_workspace/mutation/src/main/resources
2017-02-24 10:42:46,822 [Worker-22] WARN  o.e.m.c.i.embedder.EclipseLogger - Using platform encoding (UTF-8 actually) to copy filtered resources, i.e. build is platform dependent!
2017-02-24 10:42:46,834 [Worker-22] INFO  o.e.m.c.i.embedder.EclipseLogger - skip non existing resourceDirectory /home/jdienst/git/BOBKonf2017/pit_demo_workspace/mutation/src/test/resources
2017-02-24 10:42:48,224 [Worker-20] WARN  o.e.m.c.i.embedder.EclipseLogger - Using platform encoding (UTF-8 actually) to copy filtered resources, i.e. build is platform dependent!
2017-02-24 10:42:48,227 [Worker-20] INFO  o.e.m.c.i.embedder.EclipseLogger - skip non existing resourceDirectory /home/jdienst/git/BOBKonf2017/pit_demo_workspace/mutation/src/main/resources
2017-02-24 10:42:48,228 [Worker-20] WARN  o.e.m.c.i.embedder.EclipseLogger - Using platform encoding (UTF-8 actually) to copy filtered resources, i.e. build is platform dependent!
2017-02-24 10:42:48,228 [Worker-20] INFO  o.e.m.c.i.embedder.EclipseLogger - skip non existing resourceDirectory /home/jdienst/git/BOBKonf2017/pit_demo_workspace/mutation/src/test/resources
2017-02-24 10:42:49,620 [Worker-23] INFO  o.e.m.i.launch.MavenLaunchDelegate - /home/jdienst/git/BOBKonf2017/pit_demo_workspace/mutation
2017-02-24 10:42:49,620 [Worker-23] INFO  o.e.m.i.launch.MavenLaunchDelegate -  mvn -B clean package org.pitest:pitest-maven:mutationCoverage
2017-02-24 10:45:20,165 [Worker-22] WARN  o.e.m.c.i.embedder.EclipseLogger - Using platform encoding (UTF-8 actually) to copy filtered resources, i.e. build is platform dependent!
2017-02-24 10:45:20,165 [Worker-22] INFO  o.e.m.c.i.embedder.EclipseLogger - skip non existing resourceDirectory /home/jdienst/git/BOBKonf2017/pit_demo_workspace/mutation/src/main/resources
2017-02-24 10:45:20,176 [Worker-22] WARN  o.e.m.c.i.embedder.EclipseLogger - Using platform encoding (UTF-8 actually) to copy filtered resources, i.e. build is platform dependent!
2017-02-24 10:45:20,177 [Worker-22] INFO  o.e.m.c.i.embedder.EclipseLogger - skip non existing resourceDirectory /home/jdienst/git/BOBKonf2017/pit_demo_workspace/mutation/src/test/resources
2017-02-24 10:45:26,510 [Worker-28] INFO  o.e.m.i.launch.MavenLaunchDelegate - /home/jdienst/git/BOBKonf2017/pit_demo_workspace/mutation
2017-02-24 10:45:26,510 [Worker-28] INFO  o.e.m.i.launch.MavenLaunchDelegate -  mvn -B clean package org.pitest:pitest-maven:mutationCoverage
2017-02-24 10:46:38,193 [Worker-27] WARN  o.e.m.c.i.embedder.EclipseLogger - Using platform encoding (UTF-8 actually) to copy filtered resources, i.e. build is platform dependent!
2017-02-24 10:46:38,193 [Worker-27] INFO  o.e.m.c.i.embedder.EclipseLogger - skip non existing resourceDirectory /home/jdienst/git/BOBKonf2017/pit_demo_workspace/mutation/src/main/resources
2017-02-24 10:46:38,195 [Worker-27] WARN  o.e.m.c.i.embedder.EclipseLogger - Using platform encoding (UTF-8 actually) to copy filtered resources, i.e. build is platform dependent!
2017-02-24 10:46:38,198 [Worker-27] INFO  o.e.m.c.i.embedder.EclipseLogger - skip non existing resourceDirectory /home/jdienst/git/BOBKonf2017/pit_demo_workspace/mutation/src/test/resources
2017-02-24 10:46:40,991 [Worker-29] INFO  o.e.m.i.launch.MavenLaunchDelegate - /home/jdienst/git/BOBKonf2017/pit_demo_workspace/mutation
2017-02-24 10:46:40,991 [Worker-29] INFO  o.e.m.i.launch.MavenLaunchDelegate -  mvn -B clean package org.pitest:pitest-maven:mutationCoverage
2017-02-24 10:49:13,805 [Worker-27] WARN  o.e.m.c.i.embedder.EclipseLogger - Using platform encoding (UTF-8 actually) to copy filtered resources, i.e. build is platform dependent!
2017-02-24 10:49:13,806 [Worker-27] INFO  o.e.m.c.i.embedder.EclipseLogger - skip non existing resourceDirectory /home/jdienst/git/BOBKonf2017/pit_demo_workspace/mutation/src/main/resources
2017-02-24 10:49:13,809 [Worker-27] WARN  o.e.m.c.i.embedder.EclipseLogger - Using platform encoding (UTF-8 actually) to copy filtered resources, i.e. build is platform dependent!
2017-02-24 10:49:13,809 [Worker-27] INFO  o.e.m.c.i.embedder.EclipseLogger - skip non existing resourceDirectory /home/jdienst/git/BOBKonf2017/pit_demo_workspace/mutation/src/test/resources
2017-02-24 10:49:14,885 [Worker-22] WARN  o.e.m.c.i.embedder.EclipseLogger - Using platform encoding (UTF-8 actually) to copy filtered resources, i.e. build is platform dependent!
2017-02-24 10:49:14,886 [Worker-22] INFO  o.e.m.c.i.embedder.EclipseLogger - skip non existing resourceDirectory /home/jdienst/git/BOBKonf2017/pit_demo_workspace/mutation/src/main/resources
2017-02-24 10:49:14,891 [Worker-22] WARN  o.e.m.c.i.embedder.EclipseLogger - Using platform encoding (UTF-8 actually) to copy filtered resources, i.e. build is platform dependent!
2017-02-24 10:49:14,892 [Worker-22] INFO  o.e.m.c.i.embedder.EclipseLogger - skip non existing resourceDirectory /home/jdienst/git/BOBKonf2017/pit_demo_workspace/mutation/src/test/resources
2017-02-24 10:49:46,618 [Worker-27] INFO  o.e.m.i.launch.MavenLaunchDelegate - /home/jdienst/git/BOBKonf2017/pit_demo_workspace/mutation
2017-02-24 10:49:46,619 [Worker-27] INFO  o.e.m.i.launch.MavenLaunchDelegate -  mvn -B clean package org.pitest:pitest-maven:mutationCoverage
2017-02-24 10:51:48,088 [Worker-30] WARN  o.e.m.c.i.embedder.EclipseLogger - Using platform encoding (UTF-8 actually) to copy filtered resources, i.e. build is platform dependent!
2017-02-24 10:51:48,090 [Worker-30] INFO  o.e.m.c.i.embedder.EclipseLogger - skip non existing resourceDirectory /home/jdienst/git/BOBKonf2017/pit_demo_workspace/mutation/src/main/resources
2017-02-24 10:51:48,095 [Worker-30] WARN  o.e.m.c.i.embedder.EclipseLogger - Using platform encoding (UTF-8 actually) to copy filtered resources, i.e. build is platform dependent!
2017-02-24 10:51:48,096 [Worker-30] INFO  o.e.m.c.i.embedder.EclipseLogger - skip non existing resourceDirectory /home/jdienst/git/BOBKonf2017/pit_demo_workspace/mutation/src/test/resources
2017-02-24 10:51:49,130 [Worker-29] WARN  o.e.m.c.i.embedder.EclipseLogger - Using platform encoding (UTF-8 actually) to copy filtered resources, i.e. build is platform dependent!
2017-02-24 10:51:49,159 [Worker-29] INFO  o.e.m.c.i.embedder.EclipseLogger - skip non existing resourceDirectory /home/jdienst/git/BOBKonf2017/pit_demo_workspace/mutation/src/main/resources
2017-02-24 10:51:49,161 [Worker-29] WARN  o.e.m.c.i.embedder.EclipseLogger - Using platform encoding (UTF-8 actually) to copy filtered resources, i.e. build is platform dependent!
2017-02-24 10:51:49,162 [Worker-29] INFO  o.e.m.c.i.embedder.EclipseLogger - skip non existing resourceDirectory /home/jdienst/git/BOBKonf2017/pit_demo_workspace/mutation/src/test/resources
2017-02-24 10:52:03,256 [Worker-32] INFO  o.e.m.i.launch.MavenLaunchDelegate - /home/jdienst/git/BOBKonf2017/pit_demo_workspace/mutation
2017-02-24 10:52:03,256 [Worker-32] INFO  o.e.m.i.launch.MavenLaunchDelegate -  mvn -B clean package org.pitest:pitest-maven:mutationCoverage
